        -Segment Fields-
Source Port:            22000
Destination Port:       33000
Sequence Number:        85
Acknowledgement Number: 38
Offset:                 6
URG Flag:               0
ACK Flag:               1
PSH Flag:               0
RST Flag:               0
SYN Flag:               1
FIN Flag:               0
Receive Window:         0
Checksum:               47065
Urgent Ptr:             0
Options:                0
Payload: 

        -Segment Fields-
Source Port:            22000
Destination Port:       33000
Sequence Number:        39
Acknowledgement Number: 172
Offset:                 6
URG Flag:               0
ACK Flag:               1
PSH Flag:               0
RST Flag:               0
SYN Flag:               0
FIN Flag:               0
Receive Window:         0
Checksum:               8270
Urgent Ptr:             0
Options:                0
Payload: 

        -Segment Fields-
Source Port:            22000
Destination Port:       33000
Sequence Number:        173
Acknowledgement Number: 306
Offset:                 6
URG Flag:               0
ACK Flag:               1
PSH Flag:               0
RST Flag:               0
SYN Flag:               0
FIN Flag:               0
Receive Window:         0
Checksum:               8002
Urgent Ptr:             0
Options:                0
Payload: 

        -Segment Fields-
Source Port:            22000
Destination Port:       33000
Sequence Number:        307
Acknowledgement Number: 440
Offset:                 6
URG Flag:               0
ACK Flag:               1
PSH Flag:               0
RST Flag:               0
SYN Flag:               0
FIN Flag:               0
Receive Window:         0
Checksum:               7734
Urgent Ptr:             0
Options:                0
Payload: 

        -Segment Fields-
Source Port:            22000
Destination Port:       33000
Sequence Number:        441
Acknowledgement Number: 574
Offset:                 6
URG Flag:               0
ACK Flag:               1
PSH Flag:               0
RST Flag:               0
SYN Flag:               0
FIN Flag:               0
Receive Window:         0
Checksum:               7466
Urgent Ptr:             0
Options:                0
Payload: 

        -Segment Fields-
Source Port:            22000
Destination Port:       33000
Sequence Number:        575
Acknowledgement Number: 708
Offset:                 6
URG Flag:               0
ACK Flag:               1
PSH Flag:               0
RST Flag:               0
SYN Flag:               0
FIN Flag:               0
Receive Window:         0
Checksum:               7198
Urgent Ptr:             0
Options:                0
Payload: 

        -Segment Fields-
Source Port:            22000
Destination Port:       33000
Sequence Number:        709
Acknowledgement Number: 842
Offset:                 6
URG Flag:               0
ACK Flag:               1
PSH Flag:               0
RST Flag:               0
SYN Flag:               0
FIN Flag:               0
Receive Window:         0
Checksum:               6930
Urgent Ptr:             0
Options:                0
Payload: 

        -Segment Fields-
Source Port:            22000
Destination Port:       33000
Sequence Number:        843
Acknowledgement Number: 976
Offset:                 6
URG Flag:               0
ACK Flag:               1
PSH Flag:               0
RST Flag:               0
SYN Flag:               0
FIN Flag:               0
Receive Window:         0
Checksum:               6662
Urgent Ptr:             0
Options:                0
Payload: 

        -Segment Fields-
Source Port:            22000
Destination Port:       33000
Sequence Number:        977
Acknowledgement Number: 1110
Offset:                 6
URG Flag:               0
ACK Flag:               1
PSH Flag:               0
RST Flag:               0
SYN Flag:               0
FIN Flag:               0
Receive Window:         0
Checksum:               6394
Urgent Ptr:             0
Options:                0
Payload: 

        -Segment Fields-
Source Port:            22000
Destination Port:       33000
Sequence Number:        1111
Acknowledgement Number: 1121
Offset:                 6
URG Flag:               0
ACK Flag:               1
PSH Flag:               0
RST Flag:               0
SYN Flag:               0
FIN Flag:               0
Receive Window:         0
Checksum:               6249
Urgent Ptr:             0
Options:                0
Payload: 

        -Segment Fields-
Source Port:            22000
Destination Port:       33000
Sequence Number:        1112
Acknowledgement Number: 1122
Offset:                 6
URG Flag:               0
ACK Flag:               1
PSH Flag:               0
RST Flag:               0
SYN Flag:               0
FIN Flag:               0
Receive Window:         0
Checksum:               65533
Urgent Ptr:             0
Options:                0
Payload: 

        -Segment Fields-
Source Port:            22000
Destination Port:       33000
Sequence Number:        1113
Acknowledgement Number: 0
Offset:                 6
URG Flag:               0
ACK Flag:               0
PSH Flag:               0
RST Flag:               0
SYN Flag:               0
FIN Flag:               1
Receive Window:         0
Checksum:               42185
Urgent Ptr:             0
Options:                0
Payload: 

